number,value,datetime_start,datetime_complete,duration,params_batch_size,params_learning_rate,params_lookback_window,state
158,19.051951976589145,2024-05-17 22:43:50.555378,2024-05-17 22:44:47.155014,0 days 00:00:56.599636,32,0.00017817429499895443,233,COMPLETE
159,18.114201648181805,2024-05-17 22:44:47.155014,2024-05-17 22:45:50.037239,0 days 00:01:02.882225,32,0.00028500678473016174,222,COMPLETE
160,17.720625929148767,2024-05-17 22:45:50.037239,2024-05-17 22:47:00.836481,0 days 00:01:10.799242,32,0.00016232952413211307,217,COMPLETE
161,17.215169335451357,2024-05-17 22:47:00.836481,2024-05-17 22:48:12.965573,0 days 00:01:12.129092,32,0.00013009191347674028,228,COMPLETE
162,17.380327874182342,2024-05-17 22:48:12.976013,2024-05-17 22:49:22.849173,0 days 00:01:09.873160,32,0.00020318539582834023,227,COMPLETE
163,17.46534149249431,2024-05-17 22:49:22.849173,2024-05-17 22:50:33.151757,0 days 00:01:10.302584,32,0.00012624541460860053,232,COMPLETE
164,18.82867309385956,2024-05-17 22:50:33.151757,2024-05-17 22:51:39.195135,0 days 00:01:06.043378,32,0.0001620087865355311,238,COMPLETE
165,17.9215358548551,2024-05-17 22:51:39.210846,2024-05-17 22:52:48.676327,0 days 00:01:09.465481,32,0.00012594886533043244,211,COMPLETE
166,17.82724878270966,2024-05-17 22:52:48.676327,2024-05-17 22:53:46.146077,0 days 00:00:57.469750,32,0.0002285818679259599,220,COMPLETE
167,17.931024144837142,2024-05-17 22:53:46.146077,2024-05-17 22:54:47.767411,0 days 00:01:01.621334,32,0.0001844045681793771,243,COMPLETE
168,18.03605105024601,2024-05-17 22:54:47.767411,2024-05-17 22:55:47.383011,0 days 00:00:59.615600,64,0.00014847699685059508,227,COMPLETE
169,17.82319604788032,2024-05-17 22:55:47.383011,2024-05-17 22:56:50.650824,0 days 00:01:03.267813,32,8.619577969007555e-05,235,COMPLETE
170,17.887633352249082,2024-05-17 22:56:50.658901,2024-05-17 22:57:50.828893,0 days 00:01:00.169992,64,0.00011206448645881078,215,COMPLETE
171,17.68558852908265,2024-05-17 22:57:50.828893,2024-05-17 22:58:58.651932,0 days 00:01:07.823039,8,7.069677898288402e-05,231,COMPLETE
172,17.534861919448506,2024-05-17 22:58:58.651932,2024-05-17 23:00:03.954553,0 days 00:01:05.302621,32,0.00010902466952586807,223,COMPLETE
173,18.177895384407133,2024-05-17 23:00:03.954553,2024-05-17 23:01:13.446769,0 days 00:01:09.492216,64,9.65973254826822e-05,242,COMPLETE
174,17.63615512362981,2024-05-17 23:01:13.462390,2024-05-17 23:02:24.731374,0 days 00:01:11.268984,32,0.00014575243156653546,236,COMPLETE
175,17.879652321641185,2024-05-17 23:02:24.731374,2024-05-17 23:03:39.588569,0 days 00:01:14.857195,64,0.0001813697825822757,224,COMPLETE
176,18.315489674584338,2024-05-17 23:03:39.588569,2024-05-17 23:04:52.133097,0 days 00:01:12.544528,8,5.702593159025423e-05,211,COMPLETE
177,18.323659322942227,2024-05-17 23:04:52.133097,2024-05-17 23:06:01.968220,0 days 00:01:09.835123,32,0.00026509100407077764,232,COMPLETE
178,18.423809320702773,2024-05-17 23:06:01.968220,2024-05-17 23:07:04.867257,0 days 00:01:02.899037,64,0.00012847332600376626,245,COMPLETE
179,17.882442834087865,2024-05-17 23:07:04.867257,2024-05-17 23:08:12.423894,0 days 00:01:07.556637,16,8.09098204816577e-05,281,COMPLETE
180,18.313165865743915,2024-05-17 23:08:12.423894,2024-05-17 23:09:17.303031,0 days 00:01:04.879137,32,0.00020695951561162205,218,COMPLETE
181,18.01783589344313,2024-05-17 23:09:17.303031,2024-05-17 23:10:23.203452,0 days 00:01:05.900421,32,0.0001471936107333352,240,COMPLETE
182,17.71361806084899,2024-05-17 23:10:23.203452,2024-05-17 23:11:30.988078,0 days 00:01:07.784626,32,0.0001619901859158994,236,COMPLETE
183,17.68730791698286,2024-05-17 23:11:30.988078,2024-05-17 23:12:36.855666,0 days 00:01:05.867588,32,0.00010015538761076776,230,COMPLETE
184,18.03373499204956,2024-05-17 23:12:36.855666,2024-05-17 23:13:41.211451,0 days 00:01:04.355785,32,0.00013594540483326871,226,COMPLETE
185,17.353304838730118,2024-05-17 23:13:41.211451,2024-05-17 23:14:52.154537,0 days 00:01:10.943086,64,0.00011620802792874261,239,COMPLETE
186,17.556377438079096,2024-05-17 23:14:52.154537,2024-05-17 23:16:10.656456,0 days 00:01:18.501919,64,6.859192964129429e-05,246,COMPLETE
187,20.374923473625515,2024-05-17 23:16:10.656456,2024-05-17 23:17:16.943469,0 days 00:01:06.287013,64,0.00011723243406631767,221,COMPLETE
188,17.497870514105614,2024-05-17 23:17:16.943469,2024-05-17 23:18:29.372139,0 days 00:01:12.428670,64,9.08419409806894e-05,229,COMPLETE
189,17.49940539465331,2024-05-17 23:18:29.372139,2024-05-17 23:19:42.581040,0 days 00:01:13.208901,64,0.0002208272412333649,240,COMPLETE
190,17.36030370794411,2024-05-17 23:19:42.581040,2024-05-17 23:20:59.578090,0 days 00:01:16.997050,64,0.00016938572017487653,234,COMPLETE
191,17.27152166627822,2024-05-17 23:20:59.578090,2024-05-17 23:22:20.815340,0 days 00:01:21.237250,64,0.00017535026550857894,234,COMPLETE
192,18.237070165923356,2024-05-17 23:22:20.815340,2024-05-17 23:23:35.272869,0 days 00:01:14.457529,64,0.0001857107527579136,236,COMPLETE
193,18.03744539322025,2024-05-17 23:23:35.272869,2024-05-17 23:24:47.636475,0 days 00:01:12.363606,64,0.00018057257767224627,227,COMPLETE
194,17.757761648233146,2024-05-17 23:24:47.652139,2024-05-17 23:25:54.468313,0 days 00:01:06.816174,64,0.00027727853676812734,248,COMPLETE
195,17.819586587207773,2024-05-17 23:25:54.468313,2024-05-17 23:27:10.022825,0 days 00:01:15.554512,64,0.00015838157050709607,232,COMPLETE
196,17.90797208197118,2024-05-17 23:27:10.022825,2024-05-17 23:28:21.652724,0 days 00:01:11.629899,64,0.00012297788050565097,216,COMPLETE
197,18.366093302074507,2024-05-17 23:28:21.652724,2024-05-17 23:29:27.072869,0 days 00:01:05.420145,64,0.0003567811353261672,242,COMPLETE
198,18.473023069934786,2024-05-17 23:29:27.072869,2024-05-17 23:30:35.062167,0 days 00:01:07.989298,64,0.00024653240430836873,222,COMPLETE
199,17.31005002518504,2024-05-17 23:30:35.062167,2024-05-17 23:31:45.945204,0 days 00:01:10.883037,256,0.00020890774774336054,234,COMPLETE
200,18.615273369655004,2024-05-17 23:31:45.945204,2024-05-17 23:32:56.093214,0 days 00:01:10.148010,256,0.00020361364620869428,252,COMPLETE
201,17.69248598075164,2024-05-17 23:32:56.093214,2024-05-17 23:34:12.350797,0 days 00:01:16.257583,256,0.00015703146592259848,234,COMPLETE
202,18.922474101980075,2024-05-17 23:34:12.350797,2024-05-17 23:35:23.015587,0 days 00:01:10.664790,256,0.00013367167240816601,227,COMPLETE
203,17.58051185595678,2024-05-17 23:35:23.015587,2024-05-17 23:36:37.021620,0 days 00:01:14.006033,256,0.00010600656714743644,239,COMPLETE
