number,value,datetime_start,datetime_complete,duration,params_batch_size,params_learning_rate,params_lookback_window,state
158,0.7679888048104556,2024-05-17 22:48:45.433299,2024-05-17 22:50:00.448725,0 days 00:01:15.015426,4,1.0460198928513534e-05,29,COMPLETE
159,0.7679399113885058,2024-05-17 22:50:00.448725,2024-05-17 22:51:15.959553,0 days 00:01:15.510828,8,1.0315828903406258e-05,37,COMPLETE
160,0.7548256416999714,2024-05-17 22:51:15.959553,2024-05-17 22:52:25.740446,0 days 00:01:09.780893,4,1.1522660736521412e-05,31,COMPLETE
161,0.7652726112710218,2024-05-17 22:52:25.740446,2024-05-17 22:53:40.539628,0 days 00:01:14.799182,4,1.0121155629267342e-05,29,COMPLETE
162,0.7563666953414719,2024-05-17 22:53:40.539628,2024-05-17 22:54:48.121182,0 days 00:01:07.581554,4,1.1929357496706287e-05,31,COMPLETE
163,0.7898827890263366,2024-05-17 22:54:48.136800,2024-05-17 22:55:48.431361,0 days 00:01:00.294561,4,1.6866150432036905e-05,28,COMPLETE
164,0.7634387334923213,2024-05-17 22:55:48.431361,2024-05-17 22:56:54.392963,0 days 00:01:05.961602,4,1.2572955410043595e-05,28,COMPLETE
165,0.7776530280467625,2024-05-17 22:56:54.392963,2024-05-17 22:57:57.213179,0 days 00:01:02.820216,4,1.4244922514747375e-05,24,COMPLETE
166,0.77500718905102,2024-05-17 22:57:57.213179,2024-05-17 22:59:11.192968,0 days 00:01:13.979789,4,1.2518337879527945e-05,41,COMPLETE
167,0.7719243145901651,2024-05-17 22:59:11.192968,2024-05-17 23:00:14.705382,0 days 00:01:03.512414,4,1.7282201662441844e-05,33,COMPLETE
168,0.7401802549684233,2024-05-17 23:00:14.705382,2024-05-17 23:01:30.926276,0 days 00:01:16.220894,4,1.199143352428812e-05,49,COMPLETE
169,1.0473269435215486,2024-05-17 23:01:30.926276,2024-05-17 23:02:45.087391,0 days 00:01:14.161115,4,1.4875506239883632e-05,168,COMPLETE
170,0.7648114279356234,2024-05-17 23:02:45.087391,2024-05-17 23:04:03.000842,0 days 00:01:17.913451,4,1.2297533641850086e-05,55,COMPLETE
171,0.7916661967692425,2024-05-17 23:04:03.000842,2024-05-17 23:05:19.696742,0 days 00:01:16.695900,4,1.2083051197721961e-05,47,COMPLETE
172,0.7749330814027466,2024-05-17 23:05:19.696742,2024-05-17 23:06:34.814726,0 days 00:01:15.117984,4,1.0045623241864771e-05,38,COMPLETE
173,0.7598127113096671,2024-05-17 23:06:34.814726,2024-05-17 23:07:44.171576,0 days 00:01:09.356850,32,1.4681516550311247e-05,31,COMPLETE
174,0.8053178690118263,2024-05-17 23:07:44.171576,2024-05-17 23:08:49.144764,0 days 00:01:04.973188,32,1.8118033463112264e-05,30,COMPLETE
175,0.7605912527316039,2024-05-17 23:08:49.144764,2024-05-17 23:09:55.496773,0 days 00:01:06.352009,32,1.52314726822923e-05,33,COMPLETE
176,0.8260063083745639,2024-05-17 23:09:55.496773,2024-05-17 23:11:00.243311,0 days 00:01:04.746538,32,2.174165514985008e-05,50,COMPLETE
177,0.8572631444013069,2024-05-17 23:11:00.251416,2024-05-17 23:12:11.081139,0 days 00:01:10.829723,32,1.5715506183641038e-05,42,COMPLETE
178,0.7610489309708829,2024-05-17 23:12:11.081139,2024-05-17 23:13:17.388366,0 days 00:01:06.307227,4,1.4448917637829206e-05,36,COMPLETE
179,0.7716218423540652,2024-05-17 23:13:17.388366,2024-05-17 23:14:20.601050,0 days 00:01:03.212684,32,1.8784862206019456e-05,33,COMPLETE
180,0.7818738381081677,2024-05-17 23:14:20.601050,2024-05-17 23:15:39.291427,0 days 00:01:18.690377,32,1.4744845901103646e-05,56,COMPLETE
181,0.7610537255018527,2024-05-17 23:15:39.291427,2024-05-17 23:16:51.123855,0 days 00:01:11.832428,32,1.178471639853589e-05,36,COMPLETE
182,0.7974253866345414,2024-05-17 23:16:51.123855,2024-05-17 23:18:11.260363,0 days 00:01:20.136508,32,1.2204377879654034e-05,35,COMPLETE
183,1.3735911245546566,2024-05-17 23:18:11.260363,2024-05-17 23:19:12.035040,0 days 00:01:00.774677,32,1.5455019776544816e-05,289,COMPLETE
184,0.7788039199096303,2024-05-17 23:19:12.035040,2024-05-17 23:20:28.001574,0 days 00:01:15.966534,32,1.3517637461876651e-05,46,COMPLETE
185,0.796647781220888,2024-05-17 23:20:28.001574,2024-05-17 23:21:45.362301,0 days 00:01:17.360727,32,1.2065785059544315e-05,25,COMPLETE
186,0.7951225667389854,2024-05-17 23:21:45.362301,2024-05-17 23:23:15.129436,0 days 00:01:29.767135,32,1.000523252807007e-05,35,COMPLETE
187,0.8053879053625173,2024-05-17 23:23:15.129436,2024-05-17 23:24:24.421944,0 days 00:01:09.292508,32,1.9136635578481813e-05,50,COMPLETE
188,1.0286804695825376,2024-05-17 23:24:24.421944,2024-05-17 23:25:40.569184,0 days 00:01:16.147240,32,1.5056726007016615e-05,139,COMPLETE
189,0.8235968138588796,2024-05-17 23:25:40.569184,2024-05-17 23:26:48.295978,0 days 00:01:07.726794,128,2.262809096049364e-05,43,COMPLETE
190,0.7552187147682624,2024-05-17 23:26:48.295978,2024-05-17 23:28:04.676141,0 days 00:01:16.380163,8,1.1666168901862802e-05,31,COMPLETE
191,0.7555014542385464,2024-05-17 23:28:04.676141,2024-05-17 23:29:14.978949,0 days 00:01:10.302808,8,1.2229468701235678e-05,31,COMPLETE
192,0.792085188086419,2024-05-17 23:29:14.978949,2024-05-17 23:30:26.765828,0 days 00:01:11.786879,8,1.3805265863051588e-05,30,COMPLETE
193,0.7551065658211051,2024-05-17 23:30:26.765828,2024-05-17 23:31:42.471402,0 days 00:01:15.705574,8,1.1617916607935483e-05,31,COMPLETE
194,0.7598580935598784,2024-05-17 23:31:42.471402,2024-05-17 23:33:01.898440,0 days 00:01:19.427038,8,1.1365341771237903e-05,31,COMPLETE
195,0.7780775389465725,2024-05-17 23:33:01.898440,2024-05-17 23:34:19.277693,0 days 00:01:17.379253,8,1.1474052370504313e-05,24,COMPLETE
196,0.8001001723488836,2024-05-17 23:34:19.277693,2024-05-17 23:35:27.683914,0 days 00:01:08.406221,8,1.6974504947078278e-05,30,COMPLETE
197,0.7783628885759927,2024-05-17 23:35:27.696024,2024-05-17 23:36:46.171454,0 days 00:01:18.475430,8,1.1787190140739371e-05,24,COMPLETE
